Updated gc-bflf -> in_progress
Updated gc-bflf -> closed
[master 8b7ac2e] refactor: ---
 16 files changed, 512 insertions(+), 159 deletions(-)
 create mode 100644 .tickets/gc-6x2b.md
 create mode 100644 .tickets/gc-8j9n.md
 create mode 100644 .tickets/gc-bflf.md
 create mode 100644 .tickets/gc-c2l9.md
 create mode 100644 .tickets/gc-cbne.md
 create mode 100644 .tickets/gc-ecqu.md
 create mode 100644 .tickets/gc-hopt.md
 create mode 100644 .tickets/gc-jiqo.md
 create mode 100644 .tickets/gc-njvx.md
 create mode 100644 .tickets/gc-q73b.md
 create mode 100644 .tickets/gc-tcm7.md
 create mode 100644 ralph-output.log
 create mode 100644 ralph.log
 create mode 100755 ralph.sh
Updated gc-c2l9 -> in_progress
Updated gc-c2l9 -> closed
[master a31048b] refactor: ---
 5 files changed, 397 insertions(+), 13 deletions(-)
Updated gc-cbne -> in_progress
Updated gc-cbne -> closed
[master 773bdf2] refactor: ---
 5 files changed, 630 insertions(+), 344 deletions(-)
Updated gc-hopt -> in_progress
Updated gc-hopt -> closed
[master 76d7ba6] refactor: ---
 5 files changed, 978 insertions(+), 1 deletion(-)
 create mode 100644 src/mock_server.rs
Updated gc-jiqo -> in_progress
Updated gc-jiqo -> closed
